<?xml version="1.0" encoding="UTF-8"?>
<!-- Generated by org.testng.reporters.JUnitReportReporter -->
<testsuite hostname="IP-MTY-FelipeM" failures="0" tests="1" name="com.finalproject.ProyectoFinal" time="76.993" errors="0" timestamp="22 Aug 2022 22:07:29 GMT" skipped="0">
  <testcase classname="com.finalproject.ProyectoFinal" name="tc001" time="76.993"/>
</testsuite> <!-- com.finalproject.ProyectoFinal -->
