<?xml version="1.0" encoding="UTF-8"?>
<!-- Generated by org.testng.reporters.JUnitReportReporter -->
<testsuite hostname="IP-MTY-FelipeM" failures="0" tests="1" name="com.computers.selenium.MainPOMTests" time="53.389" errors="0" timestamp="22 Aug 2022 16:51:33 GMT" skipped="0">
  <testcase classname="com.computers.selenium.MainPOMTests" name="tc001" time="53.389"/>
</testsuite> <!-- com.computers.selenium.MainPOMTests -->
