<?xml version="1.0" encoding="UTF-8"?>
<!-- Generated by org.testng.reporters.JUnitReportReporter -->
<testsuite hostname="IP-MTY-FelipeM" failures="0" tests="1" name="com.google.FirstTest" time="14.976" errors="0" timestamp="23 Jun 2022 20:24:36 GMT" skipped="0">
  <testcase classname="com.google.FirstTest" name="f" time="14.976"/>
</testsuite> <!-- com.google.FirstTest -->
