<?xml version="1.0" encoding="UTF-8"?>
<!-- Generated by org.testng.reporters.JUnitReportReporter -->
<testsuite hostname="IP-MTY-FelipeM" failures="0" tests="1" name="com.computers.selenium.Ejercicio6" time="5.561" errors="0" timestamp="22 Aug 2022 18:21:20 GMT" skipped="0">
  <testcase classname="com.computers.selenium.Ejercicio6" name="f" time="5.561"/>
</testsuite> <!-- com.computers.selenium.Ejercicio6 -->
